{"F:\\GIT\\GB_1889\\src\\components\\Form\\components\\Button\\Button.tsx": {"path":"F:\\GIT\\GB_1889\\src\\components\\Form\\components\\Button\\Button.tsx","statementMap":{"0":{"start":{"line":10,"column":39},"end":{"line":20,"column":1}},"1":{"start":{"line":11,"column":2},"end":{"line":19,"column":11}}},"fnMap":{"0":{"name":"(anonymous_0)","decl":{"start":{"line":10,"column":39},"end":{"line":10,"column":40}},"loc":{"start":{"line":11,"column":2},"end":{"line":19,"column":11}},"line":11}},"branchMap":{},"s":{"0":1,"1":8},"f":{"0":8},"b":{},"_coverageSchema":"1a1c01bbd47fc00a2c39e90264f33305004495a9","hash":"db7f24de4aef61e53e2da1479a66e6666799b0d0"}
}
